To https://github.com/purushottam55/Slip-box-Notes.git
   dd70c83..596df88  main -> main
To https://github.com/purushottam55/Slip-box-Notes.git
   596df88..3c5db6c  main -> main
To https://github.com/purushottam55/Slip-box-Notes.git
   3c5db6c..ca23d21  main -> main
To https://github.com/purushottam55/Slip-box-Notes.git
   ca23d21..cbf1565  main -> main
To https://github.com/purushottam55/Slip-box-Notes.git
   cbf1565..7cbd0e4  main -> main
To https://github.com/purushottam55/Slip-box-Notes.git
   7cbd0e4..28f30b4  main -> main
To https://github.com/purushottam55/Slip-box-Notes.git
   28f30b4..4a5a7ec  main -> main
To https://github.com/purushottam55/Slip-box-Notes.git
   4a5a7ec..2358bfa  main -> main
To https://github.com/purushottam55/Slip-box-Notes.git
   2358bfa..0465a39  main -> main
To https://github.com/purushottam55/Slip-box-Notes.git
   0465a39..1caf3d7  main -> main
To https://github.com/purushottam55/Slip-box-Notes.git
   1caf3d7..297053f  main -> main
To https://github.com/purushottam55/Slip-box-Notes.git
   297053f..8d134a3  main -> main
To https://github.com/purushottam55/Slip-box-Notes.git
   8d134a3..a1b65e6  main -> main
remote: error: GH013: Repository rule violations found for refs/heads/main.        
remote: 
remote: - GITHUB PUSH PROTECTION        
remote:   —————————————————————————————————————————        
remote:     Resolve the following violations before pushing again        
remote: 
remote:     - Push cannot contain secrets        
remote: 
remote:             
remote:      (?) Learn how to resolve a blocked push        
remote:      https://docs.github.com/code-security/secret-scanning/working-with-secret-scanning-and-push-protection/working-with-push-protection-from-the-command-line#resolving-a-blocked-push        
remote:             
remote:             
remote:       —— GitHub Personal Access Token ——————————————————————        
remote:        locations:        
remote:          - commit: eca621682c42706248070b86435f08bbc7a536f6        
remote:            path: Slip Box/configure autosync remote - deskop -mobile.md:15        
remote:          - commit: 44efb783f0ee551441e88ddcb8a34c54b4dcc5e4        
remote:            path: Slip Box/configure autosync remote - deskop -mobile.md:15        
remote:             
remote:        (?) To push, remove secret from commit(s) or follow this URL to allow the secret.        
remote:        https://github.com/purushottam55/Slip-box-Notes/security/secret-scanning/unblock-secret/310nCM8LTnHWeSMYdPIrQLpF5yx        
remote:             
remote: 
remote: 
To https://github.com/purushottam55/Slip-box-Notes.git
 ! [remote rejected] main -> main (push declined due to repository rule violations)
error: failed to push some refs to 'https://github.com/purushottam55/Slip-box-Notes.git'
remote: error: GH013: Repository rule violations found for refs/heads/main.        
remote: 
remote: - GITHUB PUSH PROTECTION        
remote:   —————————————————————————————————————————        
remote:     Resolve the following violations before pushing again        
remote: 
remote:     - Push cannot contain secrets        
remote: 
remote:             
remote:      (?) Learn how to resolve a blocked push        
remote:      https://docs.github.com/code-security/secret-scanning/working-with-secret-scanning-and-push-protection/working-with-push-protection-from-the-command-line#resolving-a-blocked-push        
remote:             
remote:             
remote:       —— GitHub Personal Access Token ——————————————————————        
remote:        locations:        
remote:          - commit: eca621682c42706248070b86435f08bbc7a536f6        
remote:            path: Slip Box/configure autosync remote - deskop -mobile.md:15        
remote:          - commit: 44efb783f0ee551441e88ddcb8a34c54b4dcc5e4        
remote:            path: Slip Box/configure autosync remote - deskop -mobile.md:15        
remote:             
remote:        (?) To push, remove secret from commit(s) or follow this URL to allow the secret.        
remote:        https://github.com/purushottam55/Slip-box-Notes/security/secret-scanning/unblock-secret/310nCM8LTnHWeSMYdPIrQLpF5yx        
remote:             
remote: 
remote: 
To https://github.com/purushottam55/Slip-box-Notes.git
 ! [remote rejected] main -> main (push declined due to repository rule violations)
error: failed to push some refs to 'https://github.com/purushottam55/Slip-box-Notes.git'
remote: error: GH013: Repository rule violations found for refs/heads/main.        
remote: 
remote: - GITHUB PUSH PROTECTION        
remote:   —————————————————————————————————————————        
remote:     Resolve the following violations before pushing again        
remote: 
remote:     - Push cannot contain secrets        
remote: 
remote:             
remote:      (?) Learn how to resolve a blocked push        
remote:      https://docs.github.com/code-security/secret-scanning/working-with-secret-scanning-and-push-protection/working-with-push-protection-from-the-command-line#resolving-a-blocked-push        
remote:             
remote:             
remote:       —— GitHub Personal Access Token ——————————————————————        
remote:        locations:        
remote:          - commit: 53bc7b8dd9c707e44b5564f3f8b7bf43bc154c1c        
remote:            path: Slip Box/configure autosync remote - deskop -mobile.md:15        
remote:          - commit: eca621682c42706248070b86435f08bbc7a536f6        
remote:            path: Slip Box/configure autosync remote - deskop -mobile.md:15        
remote:          - commit: 44efb783f0ee551441e88ddcb8a34c54b4dcc5e4        
remote:            path: Slip Box/configure autosync remote - deskop -mobile.md:15        
remote:             
remote:        (?) To push, remove secret from commit(s) or follow this URL to allow the secret.        
remote:        https://github.com/purushottam55/Slip-box-Notes/security/secret-scanning/unblock-secret/310nCM8LTnHWeSMYdPIrQLpF5yx        
remote:             
remote: 
remote: 
To https://github.com/purushottam55/Slip-box-Notes.git
 ! [remote rejected] main -> main (push declined due to repository rule violations)
error: failed to push some refs to 'https://github.com/purushottam55/Slip-box-Notes.git'
remote: error: GH013: Repository rule violations found for refs/heads/main.        
remote: 
remote: - GITHUB PUSH PROTECTION        
remote:   —————————————————————————————————————————        
remote:     Resolve the following violations before pushing again        
remote: 
remote:     - Push cannot contain secrets        
remote: 
remote:             
remote:      (?) Learn how to resolve a blocked push        
remote:      https://docs.github.com/code-security/secret-scanning/working-with-secret-scanning-and-push-protection/working-with-push-protection-from-the-command-line#resolving-a-blocked-push        
remote:             
remote:             
remote:       —— GitHub Personal Access Token ——————————————————————        
remote:        locations:        
remote:          - commit: 53bc7b8dd9c707e44b5564f3f8b7bf43bc154c1c        
remote:            path: Slip Box/configure autosync remote - deskop -mobile.md:15        
remote:          - commit: eca621682c42706248070b86435f08bbc7a536f6        
remote:            path: Slip Box/configure autosync remote - deskop -mobile.md:15        
remote:          - commit: 44efb783f0ee551441e88ddcb8a34c54b4dcc5e4        
remote:            path: Slip Box/configure autosync remote - deskop -mobile.md:15        
remote:          - commit: ec322f1e8663f86115b2420a9a7dd4dd50c6689b        
remote:            path: Slip Box/configure autosync remote - deskop -mobile.md:15        
remote:             
remote:        (?) To push, remove secret from commit(s) or follow this URL to allow the secret.        
remote:        https://github.com/purushottam55/Slip-box-Notes/security/secret-scanning/unblock-secret/310nCM8LTnHWeSMYdPIrQLpF5yx        
remote:             
remote: 
remote: 
To https://github.com/purushottam55/Slip-box-Notes.git
 ! [remote rejected] main -> main (push declined due to repository rule violations)
error: failed to push some refs to 'https://github.com/purushottam55/Slip-box-Notes.git'
remote: error: GH013: Repository rule violations found for refs/heads/main.        
remote: 
remote: - GITHUB PUSH PROTECTION        
remote:   —————————————————————————————————————————        
remote:     Resolve the following violations before pushing again        
remote: 
remote:     - Push cannot contain secrets        
remote: 
remote:             
remote:      (?) Learn how to resolve a blocked push        
remote:      https://docs.github.com/code-security/secret-scanning/working-with-secret-scanning-and-push-protection/working-with-push-protection-from-the-command-line#resolving-a-blocked-push        
remote:             
remote:             
remote:       —— GitHub Personal Access Token ——————————————————————        
remote:        locations:        
remote:          - commit: 53bc7b8dd9c707e44b5564f3f8b7bf43bc154c1c        
remote:            path: Slip Box/configure autosync remote - deskop -mobile.md:15        
remote:          - commit: eca621682c42706248070b86435f08bbc7a536f6        
remote:            path: Slip Box/configure autosync remote - deskop -mobile.md:15        
remote:          - commit: 44efb783f0ee551441e88ddcb8a34c54b4dcc5e4        
remote:            path: Slip Box/configure autosync remote - deskop -mobile.md:15        
remote:          - commit: ec322f1e8663f86115b2420a9a7dd4dd50c6689b        
remote:            path: Slip Box/configure autosync remote - deskop -mobile.md:15        
remote:          - commit: f034354cbab868681e49a2681644932d9d98746d        
remote:            path: Slip Box/configure autosync remote - deskop -mobile.md:20        
remote:             
remote:        (?) To push, remove secret from commit(s) or follow this URL to allow the secret.        
remote:        https://github.com/purushottam55/Slip-box-Notes/security/secret-scanning/unblock-secret/310nCM8LTnHWeSMYdPIrQLpF5yx        
remote:             
remote: 
remote: 
To https://github.com/purushottam55/Slip-box-Notes.git
 ! [remote rejected] main -> main (push declined due to repository rule violations)
error: failed to push some refs to 'https://github.com/purushottam55/Slip-box-Notes.git'
remote: error: GH013: Repository rule violations found for refs/heads/main.        
remote: 
remote: - GITHUB PUSH PROTECTION        
remote:   —————————————————————————————————————————        
remote:     Resolve the following violations before pushing again        
remote: 
remote:     - Push cannot contain secrets        
remote: 
remote:             
remote:      (?) Learn how to resolve a blocked push        
remote:      https://docs.github.com/code-security/secret-scanning/working-with-secret-scanning-and-push-protection/working-with-push-protection-from-the-command-line#resolving-a-blocked-push        
remote:             
remote:             
remote:       —— GitHub Personal Access Token ——————————————————————        
remote:        locations:        
remote:          - commit: 53bc7b8dd9c707e44b5564f3f8b7bf43bc154c1c        
remote:            path: Slip Box/configure autosync remote - deskop -mobile.md:15        
remote:          - commit: eca621682c42706248070b86435f08bbc7a536f6        
remote:            path: Slip Box/configure autosync remote - deskop -mobile.md:15        
remote:          - commit: 44efb783f0ee551441e88ddcb8a34c54b4dcc5e4        
remote:            path: Slip Box/configure autosync remote - deskop -mobile.md:15        
remote:          - commit: f034354cbab868681e49a2681644932d9d98746d        
remote:            path: Slip Box/configure autosync remote - deskop -mobile.md:20        
remote:          - commit: a740abf651cd4954e4e3ea438ac3231e483f8393        
remote:            path: Slip Box/configure autosync remote - deskop -mobile.md:21        
remote:             
remote:        (?) To push, remove secret from commit(s) or follow this URL to allow the secret.        
remote:        https://github.com/purushottam55/Slip-box-Notes/security/secret-scanning/unblock-secret/310nCM8LTnHWeSMYdPIrQLpF5yx        
remote:             
remote: 
remote: 
To https://github.com/purushottam55/Slip-box-Notes.git
 ! [remote rejected] main -> main (push declined due to repository rule violations)
error: failed to push some refs to 'https://github.com/purushottam55/Slip-box-Notes.git'
remote: error: GH013: Repository rule violations found for refs/heads/main.        
remote: 
remote: - GITHUB PUSH PROTECTION        
remote:   —————————————————————————————————————————        
remote:     Resolve the following violations before pushing again        
remote: 
remote:     - Push cannot contain secrets        
remote: 
remote:             
remote:      (?) Learn how to resolve a blocked push        
remote:      https://docs.github.com/code-security/secret-scanning/working-with-secret-scanning-and-push-protection/working-with-push-protection-from-the-command-line#resolving-a-blocked-push        
remote:             
remote:             
remote:       —— GitHub Personal Access Token ——————————————————————        
remote:        locations:        
remote:          - commit: 53bc7b8dd9c707e44b5564f3f8b7bf43bc154c1c        
remote:            path: Slip Box/configure autosync remote - deskop -mobile.md:15        
remote:          - commit: eca621682c42706248070b86435f08bbc7a536f6        
remote:            path: Slip Box/configure autosync remote - deskop -mobile.md:15        
remote:          - commit: f034354cbab868681e49a2681644932d9d98746d        
remote:            path: Slip Box/configure autosync remote - deskop -mobile.md:20        
remote:          - commit: a740abf651cd4954e4e3ea438ac3231e483f8393        
remote:            path: Slip Box/configure autosync remote - deskop -mobile.md:21        
remote:          - commit: ab0d5d94ae5a751e70db1bce8f4a46699038dcdd        
remote:            path: Slip Box/configure autosync remote - deskop -mobile.md:24        
remote:             
remote:        (?) To push, remove secret from commit(s) or follow this URL to allow the secret.        
remote:        https://github.com/purushottam55/Slip-box-Notes/security/secret-scanning/unblock-secret/310nCM8LTnHWeSMYdPIrQLpF5yx        
remote:             
remote: 
remote: 
To https://github.com/purushottam55/Slip-box-Notes.git
 ! [remote rejected] main -> main (push declined due to repository rule violations)
error: failed to push some refs to 'https://github.com/purushottam55/Slip-box-Notes.git'
remote: error: GH013: Repository rule violations found for refs/heads/main.        
remote: 
remote: - GITHUB PUSH PROTECTION        
remote:   —————————————————————————————————————————        
remote:     Resolve the following violations before pushing again        
remote: 
remote:     - Push cannot contain secrets        
remote: 
remote:             
remote:      (?) Learn how to resolve a blocked push        
remote:      https://docs.github.com/code-security/secret-scanning/working-with-secret-scanning-and-push-protection/working-with-push-protection-from-the-command-line#resolving-a-blocked-push        
remote:             
remote:             
remote:       —— GitHub Personal Access Token ——————————————————————        
remote:        locations:        
remote:          - commit: 53bc7b8dd9c707e44b5564f3f8b7bf43bc154c1c        
remote:            path: Slip Box/configure autosync remote - deskop -mobile.md:15        
remote:          - commit: eca621682c42706248070b86435f08bbc7a536f6        
remote:            path: Slip Box/configure autosync remote - deskop -mobile.md:15        
remote:          - commit: f034354cbab868681e49a2681644932d9d98746d        
remote:            path: Slip Box/configure autosync remote - deskop -mobile.md:20        
remote:          - commit: a740abf651cd4954e4e3ea438ac3231e483f8393        
remote:            path: Slip Box/configure autosync remote - deskop -mobile.md:21        
remote:          - commit: ab0d5d94ae5a751e70db1bce8f4a46699038dcdd        
remote:            path: Slip Box/configure autosync remote - deskop -mobile.md:24        
remote:             
remote:        (?) To push, remove secret from commit(s) or follow this URL to allow the secret.        
remote:        https://github.com/purushottam55/Slip-box-Notes/security/secret-scanning/unblock-secret/310nCM8LTnHWeSMYdPIrQLpF5yx        
remote:             
remote: 
remote: 
To https://github.com/purushottam55/Slip-box-Notes.git
 ! [remote rejected] main -> main (push declined due to repository rule violations)
error: failed to push some refs to 'https://github.com/purushottam55/Slip-box-Notes.git'
remote: error: GH013: Repository rule violations found for refs/heads/main.        
remote: 
remote: - GITHUB PUSH PROTECTION        
remote:   —————————————————————————————————————————        
remote:     Resolve the following violations before pushing again        
remote: 
remote:     - Push cannot contain secrets        
remote: 
remote:             
remote:      (?) Learn how to resolve a blocked push        
remote:      https://docs.github.com/code-security/secret-scanning/working-with-secret-scanning-and-push-protection/working-with-push-protection-from-the-command-line#resolving-a-blocked-push        
remote:             
remote:             
remote:       —— GitHub Personal Access Token ——————————————————————        
remote:        locations:        
remote:          - commit: 53bc7b8dd9c707e44b5564f3f8b7bf43bc154c1c        
remote:            path: Slip Box/configure autosync remote - deskop -mobile.md:15        
remote:          - commit: eca621682c42706248070b86435f08bbc7a536f6        
remote:            path: Slip Box/configure autosync remote - deskop -mobile.md:15        
remote:          - commit: f034354cbab868681e49a2681644932d9d98746d        
remote:            path: Slip Box/configure autosync remote - deskop -mobile.md:20        
remote:          - commit: a740abf651cd4954e4e3ea438ac3231e483f8393        
remote:            path: Slip Box/configure autosync remote - deskop -mobile.md:21        
remote:          - commit: ab0d5d94ae5a751e70db1bce8f4a46699038dcdd        
remote:            path: Slip Box/configure autosync remote - deskop -mobile.md:24        
remote:             
remote:        (?) To push, remove secret from commit(s) or follow this URL to allow the secret.        
remote:        https://github.com/purushottam55/Slip-box-Notes/security/secret-scanning/unblock-secret/310nCM8LTnHWeSMYdPIrQLpF5yx        
remote:             
remote: 
remote: 
To https://github.com/purushottam55/Slip-box-Notes.git
 ! [remote rejected] main -> main (push declined due to repository rule violations)
error: failed to push some refs to 'https://github.com/purushottam55/Slip-box-Notes.git'
remote: error: GH013: Repository rule violations found for refs/heads/main.        
remote: 
remote: - GITHUB PUSH PROTECTION        
remote:   —————————————————————————————————————————        
remote:     Resolve the following violations before pushing again        
remote: 
remote:     - Push cannot contain secrets        
remote: 
remote:             
remote:      (?) Learn how to resolve a blocked push        
remote:      https://docs.github.com/code-security/secret-scanning/working-with-secret-scanning-and-push-protection/working-with-push-protection-from-the-command-line#resolving-a-blocked-push        
remote:             
remote:             
remote:       —— GitHub Personal Access Token ——————————————————————        
remote:        locations:        
remote:          - commit: 53bc7b8dd9c707e44b5564f3f8b7bf43bc154c1c        
remote:            path: Slip Box/configure autosync remote - deskop -mobile.md:15        
remote:          - commit: eca621682c42706248070b86435f08bbc7a536f6        
remote:            path: Slip Box/configure autosync remote - deskop -mobile.md:15        
remote:          - commit: f034354cbab868681e49a2681644932d9d98746d        
remote:            path: Slip Box/configure autosync remote - deskop -mobile.md:20        
remote:          - commit: a740abf651cd4954e4e3ea438ac3231e483f8393        
remote:            path: Slip Box/configure autosync remote - deskop -mobile.md:21        
remote:          - commit: ab0d5d94ae5a751e70db1bce8f4a46699038dcdd        
remote:            path: Slip Box/configure autosync remote - deskop -mobile.md:24        
remote:             
remote:        (?) To push, remove secret from commit(s) or follow this URL to allow the secret.        
remote:        https://github.com/purushottam55/Slip-box-Notes/security/secret-scanning/unblock-secret/310nCM8LTnHWeSMYdPIrQLpF5yx        
remote:             
remote: 
remote: 
To https://github.com/purushottam55/Slip-box-Notes.git
 ! [remote rejected] main -> main (push declined due to repository rule violations)
error: failed to push some refs to 'https://github.com/purushottam55/Slip-box-Notes.git'
remote: error: GH013: Repository rule violations found for refs/heads/main.        
remote: 
remote: - GITHUB PUSH PROTECTION        
remote:   —————————————————————————————————————————        
remote:     Resolve the following violations before pushing again        
remote: 
remote:     - Push cannot contain secrets        
remote: 
remote:             
remote:      (?) Learn how to resolve a blocked push        
remote:      https://docs.github.com/code-security/secret-scanning/working-with-secret-scanning-and-push-protection/working-with-push-protection-from-the-command-line#resolving-a-blocked-push        
remote:             
remote:             
remote:       —— GitHub Personal Access Token ——————————————————————        
remote:        locations:        
remote:          - commit: 53bc7b8dd9c707e44b5564f3f8b7bf43bc154c1c        
remote:            path: Slip Box/configure autosync remote - deskop -mobile.md:15        
remote:          - commit: eca621682c42706248070b86435f08bbc7a536f6        
remote:            path: Slip Box/configure autosync remote - deskop -mobile.md:15        
remote:          - commit: f034354cbab868681e49a2681644932d9d98746d        
remote:            path: Slip Box/configure autosync remote - deskop -mobile.md:20        
remote:          - commit: a740abf651cd4954e4e3ea438ac3231e483f8393        
remote:            path: Slip Box/configure autosync remote - deskop -mobile.md:21        
remote:          - commit: ab0d5d94ae5a751e70db1bce8f4a46699038dcdd        
remote:            path: Slip Box/configure autosync remote - deskop -mobile.md:24        
remote:             
remote:        (?) To push, remove secret from commit(s) or follow this URL to allow the secret.        
remote:        https://github.com/purushottam55/Slip-box-Notes/security/secret-scanning/unblock-secret/310nCM8LTnHWeSMYdPIrQLpF5yx        
remote:             
remote: 
remote: 
To https://github.com/purushottam55/Slip-box-Notes.git
 ! [remote rejected] main -> main (push declined due to repository rule violations)
error: failed to push some refs to 'https://github.com/purushottam55/Slip-box-Notes.git'
remote: error: GH013: Repository rule violations found for refs/heads/main.        
remote: 
remote: - GITHUB PUSH PROTECTION        
remote:   —————————————————————————————————————————        
remote:     Resolve the following violations before pushing again        
remote: 
remote:     - Push cannot contain secrets        
remote: 
remote:             
remote:      (?) Learn how to resolve a blocked push        
remote:      https://docs.github.com/code-security/secret-scanning/working-with-secret-scanning-and-push-protection/working-with-push-protection-from-the-command-line#resolving-a-blocked-push        
remote:             
remote:             
remote:       —— GitHub Personal Access Token ——————————————————————        
remote:        locations:        
remote:          - commit: 53bc7b8dd9c707e44b5564f3f8b7bf43bc154c1c        
remote:            path: Slip Box/configure autosync remote - deskop -mobile.md:15        
remote:          - commit: eca621682c42706248070b86435f08bbc7a536f6        
remote:            path: Slip Box/configure autosync remote - deskop -mobile.md:15        
remote:          - commit: f034354cbab868681e49a2681644932d9d98746d        
remote:            path: Slip Box/configure autosync remote - deskop -mobile.md:20        
remote:          - commit: a740abf651cd4954e4e3ea438ac3231e483f8393        
remote:            path: Slip Box/configure autosync remote - deskop -mobile.md:21        
remote:          - commit: ab0d5d94ae5a751e70db1bce8f4a46699038dcdd        
remote:            path: Slip Box/configure autosync remote - deskop -mobile.md:24        
remote:             
remote:        (?) To push, remove secret from commit(s) or follow this URL to allow the secret.        
remote:        https://github.com/purushottam55/Slip-box-Notes/security/secret-scanning/unblock-secret/310nCM8LTnHWeSMYdPIrQLpF5yx        
remote:             
remote: 
remote: 
To https://github.com/purushottam55/Slip-box-Notes.git
 ! [remote rejected] main -> main (push declined due to repository rule violations)
error: failed to push some refs to 'https://github.com/purushottam55/Slip-box-Notes.git'
remote: error: GH013: Repository rule violations found for refs/heads/main.        
remote: 
remote: - GITHUB PUSH PROTECTION        
remote:   —————————————————————————————————————————        
remote:     Resolve the following violations before pushing again        
remote: 
remote:     - Push cannot contain secrets        
remote: 
remote:             
remote:      (?) Learn how to resolve a blocked push        
remote:      https://docs.github.com/code-security/secret-scanning/working-with-secret-scanning-and-push-protection/working-with-push-protection-from-the-command-line#resolving-a-blocked-push        
remote:             
remote:             
remote:       —— GitHub Personal Access Token ——————————————————————        
remote:        locations:        
remote:          - commit: 53bc7b8dd9c707e44b5564f3f8b7bf43bc154c1c        
remote:            path: Slip Box/configure autosync remote - deskop -mobile.md:15        
remote:          - commit: eca621682c42706248070b86435f08bbc7a536f6        
remote:            path: Slip Box/configure autosync remote - deskop -mobile.md:15        
remote:          - commit: f034354cbab868681e49a2681644932d9d98746d        
remote:            path: Slip Box/configure autosync remote - deskop -mobile.md:20        
remote:          - commit: a740abf651cd4954e4e3ea438ac3231e483f8393        
remote:            path: Slip Box/configure autosync remote - deskop -mobile.md:21        
remote:          - commit: ab0d5d94ae5a751e70db1bce8f4a46699038dcdd        
remote:            path: Slip Box/configure autosync remote - deskop -mobile.md:24        
remote:             
remote:        (?) To push, remove secret from commit(s) or follow this URL to allow the secret.        
remote:        https://github.com/purushottam55/Slip-box-Notes/security/secret-scanning/unblock-secret/310nCM8LTnHWeSMYdPIrQLpF5yx        
remote:             
remote: 
remote: 
To https://github.com/purushottam55/Slip-box-Notes.git
 ! [remote rejected] main -> main (push declined due to repository rule violations)
error: failed to push some refs to 'https://github.com/purushottam55/Slip-box-Notes.git'
remote: error: GH013: Repository rule violations found for refs/heads/main.        
remote: 
remote: - GITHUB PUSH PROTECTION        
remote:   —————————————————————————————————————————        
remote:     Resolve the following violations before pushing again        
remote: 
remote:     - Push cannot contain secrets        
remote: 
remote:             
remote:      (?) Learn how to resolve a blocked push        
remote:      https://docs.github.com/code-security/secret-scanning/working-with-secret-scanning-and-push-protection/working-with-push-protection-from-the-command-line#resolving-a-blocked-push        
remote:             
remote:             
remote:       —— GitHub Personal Access Token ——————————————————————        
remote:        locations:        
remote:          - commit: 53bc7b8dd9c707e44b5564f3f8b7bf43bc154c1c        
remote:            path: Slip Box/configure autosync remote - deskop -mobile.md:15        
remote:          - commit: eca621682c42706248070b86435f08bbc7a536f6        
remote:            path: Slip Box/configure autosync remote - deskop -mobile.md:15        
remote:          - commit: f034354cbab868681e49a2681644932d9d98746d        
remote:            path: Slip Box/configure autosync remote - deskop -mobile.md:20        
remote:          - commit: a740abf651cd4954e4e3ea438ac3231e483f8393        
remote:            path: Slip Box/configure autosync remote - deskop -mobile.md:21        
remote:          - commit: ab0d5d94ae5a751e70db1bce8f4a46699038dcdd        
remote:            path: Slip Box/configure autosync remote - deskop -mobile.md:24        
remote:             
remote:        (?) To push, remove secret from commit(s) or follow this URL to allow the secret.        
remote:        https://github.com/purushottam55/Slip-box-Notes/security/secret-scanning/unblock-secret/310nCM8LTnHWeSMYdPIrQLpF5yx        
remote:             
remote: 
remote: 
To https://github.com/purushottam55/Slip-box-Notes.git
 ! [remote rejected] main -> main (push declined due to repository rule violations)
error: failed to push some refs to 'https://github.com/purushottam55/Slip-box-Notes.git'
remote: error: GH013: Repository rule violations found for refs/heads/main.        
remote: 
remote: - GITHUB PUSH PROTECTION        
remote:   —————————————————————————————————————————        
remote:     Resolve the following violations before pushing again        
remote: 
remote:     - Push cannot contain secrets        
remote: 
remote:             
remote:      (?) Learn how to resolve a blocked push        
remote:      https://docs.github.com/code-security/secret-scanning/working-with-secret-scanning-and-push-protection/working-with-push-protection-from-the-command-line#resolving-a-blocked-push        
remote:             
remote:             
remote:       —— GitHub Personal Access Token ——————————————————————        
remote:        locations:        
remote:          - commit: 53bc7b8dd9c707e44b5564f3f8b7bf43bc154c1c        
remote:            path: Slip Box/configure autosync remote - deskop -mobile.md:15        
remote:          - commit: eca621682c42706248070b86435f08bbc7a536f6        
remote:            path: Slip Box/configure autosync remote - deskop -mobile.md:15        
remote:          - commit: f034354cbab868681e49a2681644932d9d98746d        
remote:            path: Slip Box/configure autosync remote - deskop -mobile.md:20        
remote:          - commit: a740abf651cd4954e4e3ea438ac3231e483f8393        
remote:            path: Slip Box/configure autosync remote - deskop -mobile.md:21        
remote:          - commit: ab0d5d94ae5a751e70db1bce8f4a46699038dcdd        
remote:            path: Slip Box/configure autosync remote - deskop -mobile.md:24        
remote:             
remote:        (?) To push, remove secret from commit(s) or follow this URL to allow the secret.        
remote:        https://github.com/purushottam55/Slip-box-Notes/security/secret-scanning/unblock-secret/310nCM8LTnHWeSMYdPIrQLpF5yx        
remote:             
remote: 
remote: 
To https://github.com/purushottam55/Slip-box-Notes.git
 ! [remote rejected] main -> main (push declined due to repository rule violations)
error: failed to push some refs to 'https://github.com/purushottam55/Slip-box-Notes.git'
remote: error: GH013: Repository rule violations found for refs/heads/main.        
remote: 
remote: - GITHUB PUSH PROTECTION        
remote:   —————————————————————————————————————————        
remote:     Resolve the following violations before pushing again        
remote: 
remote:     - Push cannot contain secrets        
remote: 
remote:             
remote:      (?) Learn how to resolve a blocked push        
remote:      https://docs.github.com/code-security/secret-scanning/working-with-secret-scanning-and-push-protection/working-with-push-protection-from-the-command-line#resolving-a-blocked-push        
remote:             
remote:             
remote:       —— GitHub Personal Access Token ——————————————————————        
remote:        locations:        
remote:          - commit: 53bc7b8dd9c707e44b5564f3f8b7bf43bc154c1c        
remote:            path: Slip Box/configure autosync remote - deskop -mobile.md:15        
remote:          - commit: eca621682c42706248070b86435f08bbc7a536f6        
remote:            path: Slip Box/configure autosync remote - deskop -mobile.md:15        
remote:          - commit: f034354cbab868681e49a2681644932d9d98746d        
remote:            path: Slip Box/configure autosync remote - deskop -mobile.md:20        
remote:          - commit: a740abf651cd4954e4e3ea438ac3231e483f8393        
remote:            path: Slip Box/configure autosync remote - deskop -mobile.md:21        
remote:          - commit: ab0d5d94ae5a751e70db1bce8f4a46699038dcdd        
remote:            path: Slip Box/configure autosync remote - deskop -mobile.md:24        
remote:             
remote:        (?) To push, remove secret from commit(s) or follow this URL to allow the secret.        
remote:        https://github.com/purushottam55/Slip-box-Notes/security/secret-scanning/unblock-secret/310nCM8LTnHWeSMYdPIrQLpF5yx        
remote:             
remote: 
remote: 
To https://github.com/purushottam55/Slip-box-Notes.git
 ! [remote rejected] main -> main (push declined due to repository rule violations)
error: failed to push some refs to 'https://github.com/purushottam55/Slip-box-Notes.git'
remote: error: GH013: Repository rule violations found for refs/heads/main.        
remote: 
remote: - GITHUB PUSH PROTECTION        
remote:   —————————————————————————————————————————        
remote:     Resolve the following violations before pushing again        
remote: 
remote:     - Push cannot contain secrets        
remote: 
remote:             
remote:      (?) Learn how to resolve a blocked push        
remote:      https://docs.github.com/code-security/secret-scanning/working-with-secret-scanning-and-push-protection/working-with-push-protection-from-the-command-line#resolving-a-blocked-push        
remote:             
remote:             
remote:       —— GitHub Personal Access Token ——————————————————————        
remote:        locations:        
remote:          - commit: 53bc7b8dd9c707e44b5564f3f8b7bf43bc154c1c        
remote:            path: Slip Box/configure autosync remote - deskop -mobile.md:15        
remote:          - commit: eca621682c42706248070b86435f08bbc7a536f6        
remote:            path: Slip Box/configure autosync remote - deskop -mobile.md:15        
remote:          - commit: f034354cbab868681e49a2681644932d9d98746d        
remote:            path: Slip Box/configure autosync remote - deskop -mobile.md:20        
remote:          - commit: a740abf651cd4954e4e3ea438ac3231e483f8393        
remote:            path: Slip Box/configure autosync remote - deskop -mobile.md:21        
remote:          - commit: ab0d5d94ae5a751e70db1bce8f4a46699038dcdd        
remote:            path: Slip Box/configure autosync remote - deskop -mobile.md:24        
remote:             
remote:        (?) To push, remove secret from commit(s) or follow this URL to allow the secret.        
remote:        https://github.com/purushottam55/Slip-box-Notes/security/secret-scanning/unblock-secret/310nCM8LTnHWeSMYdPIrQLpF5yx        
remote:             
remote: 
remote: 
To https://github.com/purushottam55/Slip-box-Notes.git
 ! [remote rejected] main -> main (push declined due to repository rule violations)
error: failed to push some refs to 'https://github.com/purushottam55/Slip-box-Notes.git'
remote: error: GH013: Repository rule violations found for refs/heads/main.        
remote: 
remote: - GITHUB PUSH PROTECTION        
remote:   —————————————————————————————————————————        
remote:     Resolve the following violations before pushing again        
remote: 
remote:     - Push cannot contain secrets        
remote: 
remote:             
remote:      (?) Learn how to resolve a blocked push        
remote:      https://docs.github.com/code-security/secret-scanning/working-with-secret-scanning-and-push-protection/working-with-push-protection-from-the-command-line#resolving-a-blocked-push        
remote:             
remote:             
remote:       —— GitHub Personal Access Token ——————————————————————        
remote:        locations:        
remote:          - commit: 53bc7b8dd9c707e44b5564f3f8b7bf43bc154c1c        
remote:            path: Slip Box/configure autosync remote - deskop -mobile.md:15        
remote:          - commit: eca621682c42706248070b86435f08bbc7a536f6        
remote:            path: Slip Box/configure autosync remote - deskop -mobile.md:15        
remote:          - commit: f034354cbab868681e49a2681644932d9d98746d        
remote:            path: Slip Box/configure autosync remote - deskop -mobile.md:20        
remote:          - commit: a740abf651cd4954e4e3ea438ac3231e483f8393        
remote:            path: Slip Box/configure autosync remote - deskop -mobile.md:21        
remote:          - commit: ab0d5d94ae5a751e70db1bce8f4a46699038dcdd        
remote:            path: Slip Box/configure autosync remote - deskop -mobile.md:24        
remote:             
remote:        (?) To push, remove secret from commit(s) or follow this URL to allow the secret.        
remote:        https://github.com/purushottam55/Slip-box-Notes/security/secret-scanning/unblock-secret/310nCM8LTnHWeSMYdPIrQLpF5yx        
remote:             
remote: 
remote: 
To https://github.com/purushottam55/Slip-box-Notes.git
 ! [remote rejected] main -> main (push declined due to repository rule violations)
error: failed to push some refs to 'https://github.com/purushottam55/Slip-box-Notes.git'
remote: error: GH013: Repository rule violations found for refs/heads/main.        
remote: 
remote: - GITHUB PUSH PROTECTION        
remote:   —————————————————————————————————————————        
remote:     Resolve the following violations before pushing again        
remote: 
remote:     - Push cannot contain secrets        
remote: 
remote:             
remote:      (?) Learn how to resolve a blocked push        
remote:      https://docs.github.com/code-security/secret-scanning/working-with-secret-scanning-and-push-protection/working-with-push-protection-from-the-command-line#resolving-a-blocked-push        
remote:             
remote:             
remote:       —— GitHub Personal Access Token ——————————————————————        
remote:        locations:        
remote:          - commit: 53bc7b8dd9c707e44b5564f3f8b7bf43bc154c1c        
remote:            path: Slip Box/configure autosync remote - deskop -mobile.md:15        
remote:          - commit: eca621682c42706248070b86435f08bbc7a536f6        
remote:            path: Slip Box/configure autosync remote - deskop -mobile.md:15        
remote:          - commit: f034354cbab868681e49a2681644932d9d98746d        
remote:            path: Slip Box/configure autosync remote - deskop -mobile.md:20        
remote:          - commit: a740abf651cd4954e4e3ea438ac3231e483f8393        
remote:            path: Slip Box/configure autosync remote - deskop -mobile.md:21        
remote:          - commit: ab0d5d94ae5a751e70db1bce8f4a46699038dcdd        
remote:            path: Slip Box/configure autosync remote - deskop -mobile.md:24        
remote:             
remote:        (?) To push, remove secret from commit(s) or follow this URL to allow the secret.        
remote:        https://github.com/purushottam55/Slip-box-Notes/security/secret-scanning/unblock-secret/310nCM8LTnHWeSMYdPIrQLpF5yx        
remote:             
remote: 
remote: 
To https://github.com/purushottam55/Slip-box-Notes.git
 ! [remote rejected] main -> main (push declined due to repository rule violations)
error: failed to push some refs to 'https://github.com/purushottam55/Slip-box-Notes.git'
remote: error: GH013: Repository rule violations found for refs/heads/main.        
remote: 
remote: - GITHUB PUSH PROTECTION        
remote:   —————————————————————————————————————————        
remote:     Resolve the following violations before pushing again        
remote: 
remote:     - Push cannot contain secrets        
remote: 
remote:             
remote:      (?) Learn how to resolve a blocked push        
remote:      https://docs.github.com/code-security/secret-scanning/working-with-secret-scanning-and-push-protection/working-with-push-protection-from-the-command-line#resolving-a-blocked-push        
remote:             
remote:             
remote:       —— GitHub Personal Access Token ——————————————————————        
remote:        locations:        
remote:          - commit: 53bc7b8dd9c707e44b5564f3f8b7bf43bc154c1c        
remote:            path: Slip Box/configure autosync remote - deskop -mobile.md:15        
remote:          - commit: eca621682c42706248070b86435f08bbc7a536f6        
remote:            path: Slip Box/configure autosync remote - deskop -mobile.md:15        
remote:          - commit: f034354cbab868681e49a2681644932d9d98746d        
remote:            path: Slip Box/configure autosync remote - deskop -mobile.md:20        
remote:          - commit: a740abf651cd4954e4e3ea438ac3231e483f8393        
remote:            path: Slip Box/configure autosync remote - deskop -mobile.md:21        
remote:          - commit: ab0d5d94ae5a751e70db1bce8f4a46699038dcdd        
remote:            path: Slip Box/configure autosync remote - deskop -mobile.md:24        
remote:             
remote:        (?) To push, remove secret from commit(s) or follow this URL to allow the secret.        
remote:        https://github.com/purushottam55/Slip-box-Notes/security/secret-scanning/unblock-secret/310nCM8LTnHWeSMYdPIrQLpF5yx        
remote:             
remote: 
remote: 
To https://github.com/purushottam55/Slip-box-Notes.git
 ! [remote rejected] main -> main (push declined due to repository rule violations)
error: failed to push some refs to 'https://github.com/purushottam55/Slip-box-Notes.git'
remote: error: GH013: Repository rule violations found for refs/heads/main.        
remote: 
remote: - GITHUB PUSH PROTECTION        
remote:   —————————————————————————————————————————        
remote:     Resolve the following violations before pushing again        
remote: 
remote:     - Push cannot contain secrets        
remote: 
remote:             
remote:      (?) Learn how to resolve a blocked push        
remote:      https://docs.github.com/code-security/secret-scanning/working-with-secret-scanning-and-push-protection/working-with-push-protection-from-the-command-line#resolving-a-blocked-push        
remote:             
remote:             
remote:       —— GitHub Personal Access Token ——————————————————————        
remote:        locations:        
remote:          - commit: 53bc7b8dd9c707e44b5564f3f8b7bf43bc154c1c        
remote:            path: Slip Box/configure autosync remote - deskop -mobile.md:15        
remote:          - commit: eca621682c42706248070b86435f08bbc7a536f6        
remote:            path: Slip Box/configure autosync remote - deskop -mobile.md:15        
remote:          - commit: f034354cbab868681e49a2681644932d9d98746d        
remote:            path: Slip Box/configure autosync remote - deskop -mobile.md:20        
remote:          - commit: a740abf651cd4954e4e3ea438ac3231e483f8393        
remote:            path: Slip Box/configure autosync remote - deskop -mobile.md:21        
remote:          - commit: ab0d5d94ae5a751e70db1bce8f4a46699038dcdd        
remote:            path: Slip Box/configure autosync remote - deskop -mobile.md:24        
remote:             
remote:        (?) To push, remove secret from commit(s) or follow this URL to allow the secret.        
remote:        https://github.com/purushottam55/Slip-box-Notes/security/secret-scanning/unblock-secret/310nCM8LTnHWeSMYdPIrQLpF5yx        
remote:             
remote: 
remote: 
To https://github.com/purushottam55/Slip-box-Notes.git
 ! [remote rejected] main -> main (push declined due to repository rule violations)
error: failed to push some refs to 'https://github.com/purushottam55/Slip-box-Notes.git'
remote: error: GH013: Repository rule violations found for refs/heads/main.        
remote: 
remote: - GITHUB PUSH PROTECTION        
remote:   —————————————————————————————————————————        
remote:     Resolve the following violations before pushing again        
remote: 
remote:     - Push cannot contain secrets        
remote: 
remote:             
remote:      (?) Learn how to resolve a blocked push        
remote:      https://docs.github.com/code-security/secret-scanning/working-with-secret-scanning-and-push-protection/working-with-push-protection-from-the-command-line#resolving-a-blocked-push        
remote:             
remote:             
remote:       —— GitHub Personal Access Token ——————————————————————        
remote:        locations:        
remote:          - commit: 53bc7b8dd9c707e44b5564f3f8b7bf43bc154c1c        
remote:            path: Slip Box/configure autosync remote - deskop -mobile.md:15        
remote:          - commit: eca621682c42706248070b86435f08bbc7a536f6        
remote:            path: Slip Box/configure autosync remote - deskop -mobile.md:15        
remote:          - commit: f034354cbab868681e49a2681644932d9d98746d        
remote:            path: Slip Box/configure autosync remote - deskop -mobile.md:20        
remote:          - commit: a740abf651cd4954e4e3ea438ac3231e483f8393        
remote:            path: Slip Box/configure autosync remote - deskop -mobile.md:21        
remote:          - commit: ab0d5d94ae5a751e70db1bce8f4a46699038dcdd        
remote:            path: Slip Box/configure autosync remote - deskop -mobile.md:24        
remote:             
remote:        (?) To push, remove secret from commit(s) or follow this URL to allow the secret.        
remote:        https://github.com/purushottam55/Slip-box-Notes/security/secret-scanning/unblock-secret/310nCM8LTnHWeSMYdPIrQLpF5yx        
remote:             
remote: 
remote: 
To https://github.com/purushottam55/Slip-box-Notes.git
 ! [remote rejected] main -> main (push declined due to repository rule violations)
error: failed to push some refs to 'https://github.com/purushottam55/Slip-box-Notes.git'
remote: error: GH013: Repository rule violations found for refs/heads/main.        
remote: 
remote: - GITHUB PUSH PROTECTION        
remote:   —————————————————————————————————————————        
remote:     Resolve the following violations before pushing again        
remote: 
remote:     - Push cannot contain secrets        
remote: 
remote:             
remote:      (?) Learn how to resolve a blocked push        
remote:      https://docs.github.com/code-security/secret-scanning/working-with-secret-scanning-and-push-protection/working-with-push-protection-from-the-command-line#resolving-a-blocked-push        
remote:             
remote:             
remote:       —— GitHub Personal Access Token ——————————————————————        
remote:        locations:        
remote:          - commit: 53bc7b8dd9c707e44b5564f3f8b7bf43bc154c1c        
remote:            path: Slip Box/configure autosync remote - deskop -mobile.md:15        
remote:          - commit: eca621682c42706248070b86435f08bbc7a536f6        
remote:            path: Slip Box/configure autosync remote - deskop -mobile.md:15        
remote:          - commit: f034354cbab868681e49a2681644932d9d98746d        
remote:            path: Slip Box/configure autosync remote - deskop -mobile.md:20        
remote:          - commit: a740abf651cd4954e4e3ea438ac3231e483f8393        
remote:            path: Slip Box/configure autosync remote - deskop -mobile.md:21        
remote:          - commit: ab0d5d94ae5a751e70db1bce8f4a46699038dcdd        
remote:            path: Slip Box/configure autosync remote - deskop -mobile.md:24        
remote:             
remote:        (?) To push, remove secret from commit(s) or follow this URL to allow the secret.        
remote:        https://github.com/purushottam55/Slip-box-Notes/security/secret-scanning/unblock-secret/310nCM8LTnHWeSMYdPIrQLpF5yx        
remote:             
remote: 
remote: 
To https://github.com/purushottam55/Slip-box-Notes.git
 ! [remote rejected] main -> main (push declined due to repository rule violations)
error: failed to push some refs to 'https://github.com/purushottam55/Slip-box-Notes.git'
remote: error: GH013: Repository rule violations found for refs/heads/main.        
remote: 
remote: - GITHUB PUSH PROTECTION        
remote:   —————————————————————————————————————————        
remote:     Resolve the following violations before pushing again        
remote: 
remote:     - Push cannot contain secrets        
remote: 
remote:             
remote:      (?) Learn how to resolve a blocked push        
remote:      https://docs.github.com/code-security/secret-scanning/working-with-secret-scanning-and-push-protection/working-with-push-protection-from-the-command-line#resolving-a-blocked-push        
remote:             
remote:             
remote:       —— GitHub Personal Access Token ——————————————————————        
remote:        locations:        
remote:          - commit: 53bc7b8dd9c707e44b5564f3f8b7bf43bc154c1c        
remote:            path: Slip Box/configure autosync remote - deskop -mobile.md:15        
remote:          - commit: eca621682c42706248070b86435f08bbc7a536f6        
remote:            path: Slip Box/configure autosync remote - deskop -mobile.md:15        
remote:          - commit: f034354cbab868681e49a2681644932d9d98746d        
remote:            path: Slip Box/configure autosync remote - deskop -mobile.md:20        
remote:          - commit: a740abf651cd4954e4e3ea438ac3231e483f8393        
remote:            path: Slip Box/configure autosync remote - deskop -mobile.md:21        
remote:          - commit: ab0d5d94ae5a751e70db1bce8f4a46699038dcdd        
remote:            path: Slip Box/configure autosync remote - deskop -mobile.md:24        
remote:             
remote:        (?) To push, remove secret from commit(s) or follow this URL to allow the secret.        
remote:        https://github.com/purushottam55/Slip-box-Notes/security/secret-scanning/unblock-secret/310nCM8LTnHWeSMYdPIrQLpF5yx        
remote:             
remote: 
remote: 
To https://github.com/purushottam55/Slip-box-Notes.git
 ! [remote rejected] main -> main (push declined due to repository rule violations)
error: failed to push some refs to 'https://github.com/purushottam55/Slip-box-Notes.git'
remote: error: GH013: Repository rule violations found for refs/heads/main.        
remote: 
remote: - GITHUB PUSH PROTECTION        
remote:   —————————————————————————————————————————        
remote:     Resolve the following violations before pushing again        
remote: 
remote:     - Push cannot contain secrets        
remote: 
remote:             
remote:      (?) Learn how to resolve a blocked push        
remote:      https://docs.github.com/code-security/secret-scanning/working-with-secret-scanning-and-push-protection/working-with-push-protection-from-the-command-line#resolving-a-blocked-push        
remote:             
remote:             
remote:       —— GitHub Personal Access Token ——————————————————————        
remote:        locations:        
remote:          - commit: 53bc7b8dd9c707e44b5564f3f8b7bf43bc154c1c        
remote:            path: Slip Box/configure autosync remote - deskop -mobile.md:15        
remote:          - commit: eca621682c42706248070b86435f08bbc7a536f6        
remote:            path: Slip Box/configure autosync remote - deskop -mobile.md:15        
remote:          - commit: f034354cbab868681e49a2681644932d9d98746d        
remote:            path: Slip Box/configure autosync remote - deskop -mobile.md:20        
remote:          - commit: a740abf651cd4954e4e3ea438ac3231e483f8393        
remote:            path: Slip Box/configure autosync remote - deskop -mobile.md:21        
remote:          - commit: ab0d5d94ae5a751e70db1bce8f4a46699038dcdd        
remote:            path: Slip Box/configure autosync remote - deskop -mobile.md:24        
remote:             
remote:        (?) To push, remove secret from commit(s) or follow this URL to allow the secret.        
remote:        https://github.com/purushottam55/Slip-box-Notes/security/secret-scanning/unblock-secret/310nCM8LTnHWeSMYdPIrQLpF5yx        
remote:             
remote: 
remote: 
To https://github.com/purushottam55/Slip-box-Notes.git
 ! [remote rejected] main -> main (push declined due to repository rule violations)
error: failed to push some refs to 'https://github.com/purushottam55/Slip-box-Notes.git'
remote: error: GH013: Repository rule violations found for refs/heads/main.        
remote: 
remote: - GITHUB PUSH PROTECTION        
remote:   —————————————————————————————————————————        
remote:     Resolve the following violations before pushing again        
remote: 
remote:     - Push cannot contain secrets        
remote: 
remote:             
remote:      (?) Learn how to resolve a blocked push        
remote:      https://docs.github.com/code-security/secret-scanning/working-with-secret-scanning-and-push-protection/working-with-push-protection-from-the-command-line#resolving-a-blocked-push        
remote:             
remote:             
remote:       —— GitHub Personal Access Token ——————————————————————        
remote:        locations:        
remote:          - commit: 53bc7b8dd9c707e44b5564f3f8b7bf43bc154c1c        
remote:            path: Slip Box/configure autosync remote - deskop -mobile.md:15        
remote:          - commit: eca621682c42706248070b86435f08bbc7a536f6        
remote:            path: Slip Box/configure autosync remote - deskop -mobile.md:15        
remote:          - commit: f034354cbab868681e49a2681644932d9d98746d        
remote:            path: Slip Box/configure autosync remote - deskop -mobile.md:20        
remote:          - commit: a740abf651cd4954e4e3ea438ac3231e483f8393        
remote:            path: Slip Box/configure autosync remote - deskop -mobile.md:21        
remote:          - commit: ab0d5d94ae5a751e70db1bce8f4a46699038dcdd        
remote:            path: Slip Box/configure autosync remote - deskop -mobile.md:24        
remote:             
remote:        (?) To push, remove secret from commit(s) or follow this URL to allow the secret.        
remote:        https://github.com/purushottam55/Slip-box-Notes/security/secret-scanning/unblock-secret/310nCM8LTnHWeSMYdPIrQLpF5yx        
remote:             
remote: 
remote: 
To https://github.com/purushottam55/Slip-box-Notes.git
 ! [remote rejected] main -> main (push declined due to repository rule violations)
error: failed to push some refs to 'https://github.com/purushottam55/Slip-box-Notes.git'
remote: error: GH013: Repository rule violations found for refs/heads/main.        
remote: 
remote: - GITHUB PUSH PROTECTION        
remote:   —————————————————————————————————————————        
remote:     Resolve the following violations before pushing again        
remote: 
remote:     - Push cannot contain secrets        
remote: 
remote:             
remote:      (?) Learn how to resolve a blocked push        
remote:      https://docs.github.com/code-security/secret-scanning/working-with-secret-scanning-and-push-protection/working-with-push-protection-from-the-command-line#resolving-a-blocked-push        
remote:             
remote:             
remote:       —— GitHub Personal Access Token ——————————————————————        
remote:        locations:        
remote:          - commit: 53bc7b8dd9c707e44b5564f3f8b7bf43bc154c1c        
remote:            path: Slip Box/configure autosync remote - deskop -mobile.md:15        
remote:          - commit: eca621682c42706248070b86435f08bbc7a536f6        
remote:            path: Slip Box/configure autosync remote - deskop -mobile.md:15        
remote:          - commit: f034354cbab868681e49a2681644932d9d98746d        
remote:            path: Slip Box/configure autosync remote - deskop -mobile.md:20        
remote:          - commit: a740abf651cd4954e4e3ea438ac3231e483f8393        
remote:            path: Slip Box/configure autosync remote - deskop -mobile.md:21        
remote:          - commit: ab0d5d94ae5a751e70db1bce8f4a46699038dcdd        
remote:            path: Slip Box/configure autosync remote - deskop -mobile.md:24        
remote:             
remote:        (?) To push, remove secret from commit(s) or follow this URL to allow the secret.        
remote:        https://github.com/purushottam55/Slip-box-Notes/security/secret-scanning/unblock-secret/310nCM8LTnHWeSMYdPIrQLpF5yx        
remote:             
remote: 
remote: 
To https://github.com/purushottam55/Slip-box-Notes.git
 ! [remote rejected] main -> main (push declined due to repository rule violations)
error: failed to push some refs to 'https://github.com/purushottam55/Slip-box-Notes.git'
remote: error: GH013: Repository rule violations found for refs/heads/main.        
remote: 
remote: - GITHUB PUSH PROTECTION        
remote:   —————————————————————————————————————————        
remote:     Resolve the following violations before pushing again        
remote: 
remote:     - Push cannot contain secrets        
remote: 
remote:             
remote:      (?) Learn how to resolve a blocked push        
remote:      https://docs.github.com/code-security/secret-scanning/working-with-secret-scanning-and-push-protection/working-with-push-protection-from-the-command-line#resolving-a-blocked-push        
remote:             
remote:             
remote:       —— GitHub Personal Access Token ——————————————————————        
remote:        locations:        
remote:          - commit: 53bc7b8dd9c707e44b5564f3f8b7bf43bc154c1c        
remote:            path: Slip Box/configure autosync remote - deskop -mobile.md:15        
remote:          - commit: eca621682c42706248070b86435f08bbc7a536f6        
remote:            path: Slip Box/configure autosync remote - deskop -mobile.md:15        
remote:          - commit: f034354cbab868681e49a2681644932d9d98746d        
remote:            path: Slip Box/configure autosync remote - deskop -mobile.md:20        
remote:          - commit: a740abf651cd4954e4e3ea438ac3231e483f8393        
remote:            path: Slip Box/configure autosync remote - deskop -mobile.md:21        
remote:          - commit: ab0d5d94ae5a751e70db1bce8f4a46699038dcdd        
remote:            path: Slip Box/configure autosync remote - deskop -mobile.md:24        
remote:             
remote:        (?) To push, remove secret from commit(s) or follow this URL to allow the secret.        
remote:        https://github.com/purushottam55/Slip-box-Notes/security/secret-scanning/unblock-secret/310nCM8LTnHWeSMYdPIrQLpF5yx        
remote:             
remote: 
remote: 
To https://github.com/purushottam55/Slip-box-Notes.git
 ! [remote rejected] main -> main (push declined due to repository rule violations)
error: failed to push some refs to 'https://github.com/purushottam55/Slip-box-Notes.git'
remote: error: GH013: Repository rule violations found for refs/heads/main.        
remote: 
remote: - GITHUB PUSH PROTECTION        
remote:   —————————————————————————————————————————        
remote:     Resolve the following violations before pushing again        
remote: 
remote:     - Push cannot contain secrets        
remote: 
remote:             
remote:      (?) Learn how to resolve a blocked push        
remote:      https://docs.github.com/code-security/secret-scanning/working-with-secret-scanning-and-push-protection/working-with-push-protection-from-the-command-line#resolving-a-blocked-push        
remote:             
remote:             
remote:       —— GitHub Personal Access Token ——————————————————————        
remote:        locations:        
remote:          - commit: 53bc7b8dd9c707e44b5564f3f8b7bf43bc154c1c        
remote:            path: Slip Box/configure autosync remote - deskop -mobile.md:15        
remote:          - commit: eca621682c42706248070b86435f08bbc7a536f6        
remote:            path: Slip Box/configure autosync remote - deskop -mobile.md:15        
remote:          - commit: f034354cbab868681e49a2681644932d9d98746d        
remote:            path: Slip Box/configure autosync remote - deskop -mobile.md:20        
remote:          - commit: a740abf651cd4954e4e3ea438ac3231e483f8393        
remote:            path: Slip Box/configure autosync remote - deskop -mobile.md:21        
remote:          - commit: ab0d5d94ae5a751e70db1bce8f4a46699038dcdd        
remote:            path: Slip Box/configure autosync remote - deskop -mobile.md:24        
remote:             
remote:        (?) To push, remove secret from commit(s) or follow this URL to allow the secret.        
remote:        https://github.com/purushottam55/Slip-box-Notes/security/secret-scanning/unblock-secret/310nCM8LTnHWeSMYdPIrQLpF5yx        
remote:             
remote: 
remote: 
To https://github.com/purushottam55/Slip-box-Notes.git
 ! [remote rejected] main -> main (push declined due to repository rule violations)
error: failed to push some refs to 'https://github.com/purushottam55/Slip-box-Notes.git'
remote: error: GH013: Repository rule violations found for refs/heads/main.        
remote: 
remote: - GITHUB PUSH PROTECTION        
remote:   —————————————————————————————————————————        
remote:     Resolve the following violations before pushing again        
remote: 
remote:     - Push cannot contain secrets        
remote: 
remote:             
remote:      (?) Learn how to resolve a blocked push        
remote:      https://docs.github.com/code-security/secret-scanning/working-with-secret-scanning-and-push-protection/working-with-push-protection-from-the-command-line#resolving-a-blocked-push        
remote:             
remote:             
remote:       —— GitHub Personal Access Token ——————————————————————        
remote:        locations:        
remote:          - commit: 53bc7b8dd9c707e44b5564f3f8b7bf43bc154c1c        
remote:            path: Slip Box/configure autosync remote - deskop -mobile.md:15        
remote:          - commit: eca621682c42706248070b86435f08bbc7a536f6        
remote:            path: Slip Box/configure autosync remote - deskop -mobile.md:15        
remote:          - commit: f034354cbab868681e49a2681644932d9d98746d        
remote:            path: Slip Box/configure autosync remote - deskop -mobile.md:20        
remote:          - commit: a740abf651cd4954e4e3ea438ac3231e483f8393        
remote:            path: Slip Box/configure autosync remote - deskop -mobile.md:21        
remote:          - commit: ab0d5d94ae5a751e70db1bce8f4a46699038dcdd        
remote:            path: Slip Box/configure autosync remote - deskop -mobile.md:24        
remote:             
remote:        (?) To push, remove secret from commit(s) or follow this URL to allow the secret.        
remote:        https://github.com/purushottam55/Slip-box-Notes/security/secret-scanning/unblock-secret/310nCM8LTnHWeSMYdPIrQLpF5yx        
remote:             
remote: 
remote: 
To https://github.com/purushottam55/Slip-box-Notes.git
 ! [remote rejected] main -> main (push declined due to repository rule violations)
error: failed to push some refs to 'https://github.com/purushottam55/Slip-box-Notes.git'
remote: error: GH013: Repository rule violations found for refs/heads/main.        
remote: 
remote: - GITHUB PUSH PROTECTION        
remote:   —————————————————————————————————————————        
remote:     Resolve the following violations before pushing again        
remote: 
remote:     - Push cannot contain secrets        
remote: 
remote:             
remote:      (?) Learn how to resolve a blocked push        
remote:      https://docs.github.com/code-security/secret-scanning/working-with-secret-scanning-and-push-protection/working-with-push-protection-from-the-command-line#resolving-a-blocked-push        
remote:             
remote:             
remote:       —— GitHub Personal Access Token ——————————————————————        
remote:        locations:        
remote:          - commit: 53bc7b8dd9c707e44b5564f3f8b7bf43bc154c1c        
remote:            path: Slip Box/configure autosync remote - deskop -mobile.md:15        
remote:          - commit: eca621682c42706248070b86435f08bbc7a536f6        
remote:            path: Slip Box/configure autosync remote - deskop -mobile.md:15        
remote:          - commit: f034354cbab868681e49a2681644932d9d98746d        
remote:            path: Slip Box/configure autosync remote - deskop -mobile.md:20        
remote:          - commit: a740abf651cd4954e4e3ea438ac3231e483f8393        
remote:            path: Slip Box/configure autosync remote - deskop -mobile.md:21        
remote:          - commit: ab0d5d94ae5a751e70db1bce8f4a46699038dcdd        
remote:            path: Slip Box/configure autosync remote - deskop -mobile.md:24        
remote:             
remote:        (?) To push, remove secret from commit(s) or follow this URL to allow the secret.        
remote:        https://github.com/purushottam55/Slip-box-Notes/security/secret-scanning/unblock-secret/310nCM8LTnHWeSMYdPIrQLpF5yx        
remote:             
remote: 
remote: 
To https://github.com/purushottam55/Slip-box-Notes.git
 ! [remote rejected] main -> main (push declined due to repository rule violations)
error: failed to push some refs to 'https://github.com/purushottam55/Slip-box-Notes.git'
remote: error: GH013: Repository rule violations found for refs/heads/main.        
remote: 
remote: - GITHUB PUSH PROTECTION        
remote:   —————————————————————————————————————————        
remote:     Resolve the following violations before pushing again        
remote: 
remote:     - Push cannot contain secrets        
remote: 
remote:             
remote:      (?) Learn how to resolve a blocked push        
remote:      https://docs.github.com/code-security/secret-scanning/working-with-secret-scanning-and-push-protection/working-with-push-protection-from-the-command-line#resolving-a-blocked-push        
remote:             
remote:             
remote:       —— GitHub Personal Access Token ——————————————————————        
remote:        locations:        
remote:          - commit: 53bc7b8dd9c707e44b5564f3f8b7bf43bc154c1c        
remote:            path: Slip Box/configure autosync remote - deskop -mobile.md:15        
remote:          - commit: eca621682c42706248070b86435f08bbc7a536f6        
remote:            path: Slip Box/configure autosync remote - deskop -mobile.md:15        
remote:          - commit: f034354cbab868681e49a2681644932d9d98746d        
remote:            path: Slip Box/configure autosync remote - deskop -mobile.md:20        
remote:          - commit: a740abf651cd4954e4e3ea438ac3231e483f8393        
remote:            path: Slip Box/configure autosync remote - deskop -mobile.md:21        
remote:          - commit: ab0d5d94ae5a751e70db1bce8f4a46699038dcdd        
remote:            path: Slip Box/configure autosync remote - deskop -mobile.md:24        
remote:             
remote:        (?) To push, remove secret from commit(s) or follow this URL to allow the secret.        
remote:        https://github.com/purushottam55/Slip-box-Notes/security/secret-scanning/unblock-secret/310nCM8LTnHWeSMYdPIrQLpF5yx        
remote:             
remote: 
remote: 
To https://github.com/purushottam55/Slip-box-Notes.git
 ! [remote rejected] main -> main (push declined due to repository rule violations)
error: failed to push some refs to 'https://github.com/purushottam55/Slip-box-Notes.git'
remote: error: GH013: Repository rule violations found for refs/heads/main.        
remote: 
remote: - GITHUB PUSH PROTECTION        
remote:   —————————————————————————————————————————        
remote:     Resolve the following violations before pushing again        
remote: 
remote:     - Push cannot contain secrets        
remote: 
remote:             
remote:      (?) Learn how to resolve a blocked push        
remote:      https://docs.github.com/code-security/secret-scanning/working-with-secret-scanning-and-push-protection/working-with-push-protection-from-the-command-line#resolving-a-blocked-push        
remote:             
remote:             
remote:       —— GitHub Personal Access Token ——————————————————————        
remote:        locations:        
remote:          - commit: 53bc7b8dd9c707e44b5564f3f8b7bf43bc154c1c        
remote:            path: Slip Box/configure autosync remote - deskop -mobile.md:15        
remote:          - commit: eca621682c42706248070b86435f08bbc7a536f6        
remote:            path: Slip Box/configure autosync remote - deskop -mobile.md:15        
remote:          - commit: f034354cbab868681e49a2681644932d9d98746d        
remote:            path: Slip Box/configure autosync remote - deskop -mobile.md:20        
remote:          - commit: a740abf651cd4954e4e3ea438ac3231e483f8393        
remote:            path: Slip Box/configure autosync remote - deskop -mobile.md:21        
remote:          - commit: ab0d5d94ae5a751e70db1bce8f4a46699038dcdd        
remote:            path: Slip Box/configure autosync remote - deskop -mobile.md:24        
remote:             
remote:        (?) To push, remove secret from commit(s) or follow this URL to allow the secret.        
remote:        https://github.com/purushottam55/Slip-box-Notes/security/secret-scanning/unblock-secret/310nCM8LTnHWeSMYdPIrQLpF5yx        
remote:             
remote: 
remote: 
To https://github.com/purushottam55/Slip-box-Notes.git
 ! [remote rejected] main -> main (push declined due to repository rule violations)
error: failed to push some refs to 'https://github.com/purushottam55/Slip-box-Notes.git'
remote: error: GH013: Repository rule violations found for refs/heads/main.        
remote: 
remote: - GITHUB PUSH PROTECTION        
remote:   —————————————————————————————————————————        
remote:     Resolve the following violations before pushing again        
remote: 
remote:     - Push cannot contain secrets        
remote: 
remote:             
remote:      (?) Learn how to resolve a blocked push        
remote:      https://docs.github.com/code-security/secret-scanning/working-with-secret-scanning-and-push-protection/working-with-push-protection-from-the-command-line#resolving-a-blocked-push        
remote:             
remote:             
remote:       —— GitHub Personal Access Token ——————————————————————        
remote:        locations:        
remote:          - commit: 53bc7b8dd9c707e44b5564f3f8b7bf43bc154c1c        
remote:            path: Slip Box/configure autosync remote - deskop -mobile.md:15        
remote:          - commit: eca621682c42706248070b86435f08bbc7a536f6        
remote:            path: Slip Box/configure autosync remote - deskop -mobile.md:15        
remote:          - commit: f034354cbab868681e49a2681644932d9d98746d        
remote:            path: Slip Box/configure autosync remote - deskop -mobile.md:20        
remote:          - commit: a740abf651cd4954e4e3ea438ac3231e483f8393        
remote:            path: Slip Box/configure autosync remote - deskop -mobile.md:21        
remote:          - commit: ab0d5d94ae5a751e70db1bce8f4a46699038dcdd        
remote:            path: Slip Box/configure autosync remote - deskop -mobile.md:24        
remote:             
remote:        (?) To push, remove secret from commit(s) or follow this URL to allow the secret.        
remote:        https://github.com/purushottam55/Slip-box-Notes/security/secret-scanning/unblock-secret/310nCM8LTnHWeSMYdPIrQLpF5yx        
remote:             
remote: 
remote: 
To https://github.com/purushottam55/Slip-box-Notes.git
 ! [remote rejected] main -> main (push declined due to repository rule violations)
error: failed to push some refs to 'https://github.com/purushottam55/Slip-box-Notes.git'
remote: error: GH013: Repository rule violations found for refs/heads/main.        
remote: 
remote: - GITHUB PUSH PROTECTION        
remote:   —————————————————————————————————————————        
remote:     Resolve the following violations before pushing again        
remote: 
remote:     - Push cannot contain secrets        
remote: 
remote:             
remote:      (?) Learn how to resolve a blocked push        
remote:      https://docs.github.com/code-security/secret-scanning/working-with-secret-scanning-and-push-protection/working-with-push-protection-from-the-command-line#resolving-a-blocked-push        
remote:             
remote:             
remote:       —— GitHub Personal Access Token ——————————————————————        
remote:        locations:        
remote:          - commit: 53bc7b8dd9c707e44b5564f3f8b7bf43bc154c1c        
remote:            path: Slip Box/configure autosync remote - deskop -mobile.md:15        
remote:          - commit: eca621682c42706248070b86435f08bbc7a536f6        
remote:            path: Slip Box/configure autosync remote - deskop -mobile.md:15        
remote:          - commit: f034354cbab868681e49a2681644932d9d98746d        
remote:            path: Slip Box/configure autosync remote - deskop -mobile.md:20        
remote:          - commit: a740abf651cd4954e4e3ea438ac3231e483f8393        
remote:            path: Slip Box/configure autosync remote - deskop -mobile.md:21        
remote:          - commit: ab0d5d94ae5a751e70db1bce8f4a46699038dcdd        
remote:            path: Slip Box/configure autosync remote - deskop -mobile.md:24        
remote:             
remote:        (?) To push, remove secret from commit(s) or follow this URL to allow the secret.        
remote:        https://github.com/purushottam55/Slip-box-Notes/security/secret-scanning/unblock-secret/310nCM8LTnHWeSMYdPIrQLpF5yx        
remote:             
remote: 
remote: 
To https://github.com/purushottam55/Slip-box-Notes.git
 ! [remote rejected] main -> main (push declined due to repository rule violations)
error: failed to push some refs to 'https://github.com/purushottam55/Slip-box-Notes.git'
remote: error: GH013: Repository rule violations found for refs/heads/main.        
remote: 
remote: - GITHUB PUSH PROTECTION        
remote:   —————————————————————————————————————————        
remote:     Resolve the following violations before pushing again        
remote: 
remote:     - Push cannot contain secrets        
remote: 
remote:             
remote:      (?) Learn how to resolve a blocked push        
remote:      https://docs.github.com/code-security/secret-scanning/working-with-secret-scanning-and-push-protection/working-with-push-protection-from-the-command-line#resolving-a-blocked-push        
remote:             
remote:             
remote:       —— GitHub Personal Access Token ——————————————————————        
remote:        locations:        
remote:          - commit: 53bc7b8dd9c707e44b5564f3f8b7bf43bc154c1c        
remote:            path: Slip Box/configure autosync remote - deskop -mobile.md:15        
remote:          - commit: eca621682c42706248070b86435f08bbc7a536f6        
remote:            path: Slip Box/configure autosync remote - deskop -mobile.md:15        
remote:          - commit: f034354cbab868681e49a2681644932d9d98746d        
remote:            path: Slip Box/configure autosync remote - deskop -mobile.md:20        
remote:          - commit: a740abf651cd4954e4e3ea438ac3231e483f8393        
remote:            path: Slip Box/configure autosync remote - deskop -mobile.md:21        
remote:          - commit: ab0d5d94ae5a751e70db1bce8f4a46699038dcdd        
remote:            path: Slip Box/configure autosync remote - deskop -mobile.md:24        
remote:             
remote:        (?) To push, remove secret from commit(s) or follow this URL to allow the secret.        
remote:        https://github.com/purushottam55/Slip-box-Notes/security/secret-scanning/unblock-secret/310nCM8LTnHWeSMYdPIrQLpF5yx        
remote:             
remote: 
remote: 
To https://github.com/purushottam55/Slip-box-Notes.git
 ! [remote rejected] main -> main (push declined due to repository rule violations)
error: failed to push some refs to 'https://github.com/purushottam55/Slip-box-Notes.git'
remote: error: GH013: Repository rule violations found for refs/heads/main.        
remote: 
remote: - GITHUB PUSH PROTECTION        
remote:   —————————————————————————————————————————        
remote:     Resolve the following violations before pushing again        
remote: 
remote:     - Push cannot contain secrets        
remote: 
remote:             
remote:      (?) Learn how to resolve a blocked push        
remote:      https://docs.github.com/code-security/secret-scanning/working-with-secret-scanning-and-push-protection/working-with-push-protection-from-the-command-line#resolving-a-blocked-push        
remote:             
remote:             
remote:       —— GitHub Personal Access Token ——————————————————————        
remote:        locations:        
remote:          - commit: 53bc7b8dd9c707e44b5564f3f8b7bf43bc154c1c        
remote:            path: Slip Box/configure autosync remote - deskop -mobile.md:15        
remote:          - commit: eca621682c42706248070b86435f08bbc7a536f6        
remote:            path: Slip Box/configure autosync remote - deskop -mobile.md:15        
remote:          - commit: f034354cbab868681e49a2681644932d9d98746d        
remote:            path: Slip Box/configure autosync remote - deskop -mobile.md:20        
remote:          - commit: a740abf651cd4954e4e3ea438ac3231e483f8393        
remote:            path: Slip Box/configure autosync remote - deskop -mobile.md:21        
remote:          - commit: ab0d5d94ae5a751e70db1bce8f4a46699038dcdd        
remote:            path: Slip Box/configure autosync remote - deskop -mobile.md:24        
remote:             
remote:        (?) To push, remove secret from commit(s) or follow this URL to allow the secret.        
remote:        https://github.com/purushottam55/Slip-box-Notes/security/secret-scanning/unblock-secret/310nCM8LTnHWeSMYdPIrQLpF5yx        
remote:             
remote: 
remote: 
To https://github.com/purushottam55/Slip-box-Notes.git
 ! [remote rejected] main -> main (push declined due to repository rule violations)
error: failed to push some refs to 'https://github.com/purushottam55/Slip-box-Notes.git'
remote: error: GH013: Repository rule violations found for refs/heads/main.        
remote: 
remote: - GITHUB PUSH PROTECTION        
remote:   —————————————————————————————————————————        
remote:     Resolve the following violations before pushing again        
remote: 
remote:     - Push cannot contain secrets        
remote: 
remote:             
remote:      (?) Learn how to resolve a blocked push        
remote:      https://docs.github.com/code-security/secret-scanning/working-with-secret-scanning-and-push-protection/working-with-push-protection-from-the-command-line#resolving-a-blocked-push        
remote:             
remote:             
remote:       —— GitHub Personal Access Token ——————————————————————        
remote:        locations:        
remote:          - commit: 53bc7b8dd9c707e44b5564f3f8b7bf43bc154c1c        
remote:            path: Slip Box/configure autosync remote - deskop -mobile.md:15        
remote:          - commit: eca621682c42706248070b86435f08bbc7a536f6        
remote:            path: Slip Box/configure autosync remote - deskop -mobile.md:15        
remote:          - commit: f034354cbab868681e49a2681644932d9d98746d        
remote:            path: Slip Box/configure autosync remote - deskop -mobile.md:20        
remote:          - commit: a740abf651cd4954e4e3ea438ac3231e483f8393        
remote:            path: Slip Box/configure autosync remote - deskop -mobile.md:21        
remote:          - commit: ab0d5d94ae5a751e70db1bce8f4a46699038dcdd        
remote:            path: Slip Box/configure autosync remote - deskop -mobile.md:24        
remote:             
remote:        (?) To push, remove secret from commit(s) or follow this URL to allow the secret.        
remote:        https://github.com/purushottam55/Slip-box-Notes/security/secret-scanning/unblock-secret/310nCM8LTnHWeSMYdPIrQLpF5yx        
remote:             
remote: 
remote: 
To https://github.com/purushottam55/Slip-box-Notes.git
 ! [remote rejected] main -> main (push declined due to repository rule violations)
error: failed to push some refs to 'https://github.com/purushottam55/Slip-box-Notes.git'
remote: error: GH013: Repository rule violations found for refs/heads/main.        
remote: 
remote: - GITHUB PUSH PROTECTION        
remote:   —————————————————————————————————————————        
remote:     Resolve the following violations before pushing again        
remote: 
remote:     - Push cannot contain secrets        
remote: 
remote:             
remote:      (?) Learn how to resolve a blocked push        
remote:      https://docs.github.com/code-security/secret-scanning/working-with-secret-scanning-and-push-protection/working-with-push-protection-from-the-command-line#resolving-a-blocked-push        
remote:             
remote:             
remote:       —— GitHub Personal Access Token ——————————————————————        
remote:        locations:        
remote:          - commit: 53bc7b8dd9c707e44b5564f3f8b7bf43bc154c1c        
remote:            path: Slip Box/configure autosync remote - deskop -mobile.md:15        
remote:          - commit: eca621682c42706248070b86435f08bbc7a536f6        
remote:            path: Slip Box/configure autosync remote - deskop -mobile.md:15        
remote:          - commit: f034354cbab868681e49a2681644932d9d98746d        
remote:            path: Slip Box/configure autosync remote - deskop -mobile.md:20        
remote:          - commit: a740abf651cd4954e4e3ea438ac3231e483f8393        
remote:            path: Slip Box/configure autosync remote - deskop -mobile.md:21        
remote:          - commit: ab0d5d94ae5a751e70db1bce8f4a46699038dcdd        
remote:            path: Slip Box/configure autosync remote - deskop -mobile.md:24        
remote:             
remote:        (?) To push, remove secret from commit(s) or follow this URL to allow the secret.        
remote:        https://github.com/purushottam55/Slip-box-Notes/security/secret-scanning/unblock-secret/310nCM8LTnHWeSMYdPIrQLpF5yx        
remote:             
remote: 
remote: 
To https://github.com/purushottam55/Slip-box-Notes.git
 ! [remote rejected] main -> main (push declined due to repository rule violations)
error: failed to push some refs to 'https://github.com/purushottam55/Slip-box-Notes.git'
remote: error: GH013: Repository rule violations found for refs/heads/main.        
remote: 
remote: - GITHUB PUSH PROTECTION        
remote:   —————————————————————————————————————————        
remote:     Resolve the following violations before pushing again        
remote: 
remote:     - Push cannot contain secrets        
remote: 
remote:             
remote:      (?) Learn how to resolve a blocked push        
remote:      https://docs.github.com/code-security/secret-scanning/working-with-secret-scanning-and-push-protection/working-with-push-protection-from-the-command-line#resolving-a-blocked-push        
remote:             
remote:             
remote:       —— GitHub Personal Access Token ——————————————————————        
remote:        locations:        
remote:          - commit: 53bc7b8dd9c707e44b5564f3f8b7bf43bc154c1c        
remote:            path: Slip Box/configure autosync remote - deskop -mobile.md:15        
remote:          - commit: eca621682c42706248070b86435f08bbc7a536f6        
remote:            path: Slip Box/configure autosync remote - deskop -mobile.md:15        
remote:          - commit: f034354cbab868681e49a2681644932d9d98746d        
remote:            path: Slip Box/configure autosync remote - deskop -mobile.md:20        
remote:          - commit: a740abf651cd4954e4e3ea438ac3231e483f8393        
remote:            path: Slip Box/configure autosync remote - deskop -mobile.md:21        
remote:          - commit: ab0d5d94ae5a751e70db1bce8f4a46699038dcdd        
remote:            path: Slip Box/configure autosync remote - deskop -mobile.md:24        
remote:             
remote:        (?) To push, remove secret from commit(s) or follow this URL to allow the secret.        
remote:        https://github.com/purushottam55/Slip-box-Notes/security/secret-scanning/unblock-secret/310nCM8LTnHWeSMYdPIrQLpF5yx        
remote:             
remote: 
remote: 
To https://github.com/purushottam55/Slip-box-Notes.git
 ! [remote rejected] main -> main (push declined due to repository rule violations)
error: failed to push some refs to 'https://github.com/purushottam55/Slip-box-Notes.git'
remote: error: GH013: Repository rule violations found for refs/heads/main.        
remote: 
remote: - GITHUB PUSH PROTECTION        
remote:   —————————————————————————————————————————        
remote:     Resolve the following violations before pushing again        
remote: 
remote:     - Push cannot contain secrets        
remote: 
remote:             
remote:      (?) Learn how to resolve a blocked push        
remote:      https://docs.github.com/code-security/secret-scanning/working-with-secret-scanning-and-push-protection/working-with-push-protection-from-the-command-line#resolving-a-blocked-push        
remote:             
remote:             
remote:       —— GitHub Personal Access Token ——————————————————————        
remote:        locations:        
remote:          - commit: 53bc7b8dd9c707e44b5564f3f8b7bf43bc154c1c        
remote:            path: Slip Box/configure autosync remote - deskop -mobile.md:15        
remote:          - commit: eca621682c42706248070b86435f08bbc7a536f6        
remote:            path: Slip Box/configure autosync remote - deskop -mobile.md:15        
remote:          - commit: f034354cbab868681e49a2681644932d9d98746d        
remote:            path: Slip Box/configure autosync remote - deskop -mobile.md:20        
remote:          - commit: a740abf651cd4954e4e3ea438ac3231e483f8393        
remote:            path: Slip Box/configure autosync remote - deskop -mobile.md:21        
remote:          - commit: ab0d5d94ae5a751e70db1bce8f4a46699038dcdd        
remote:            path: Slip Box/configure autosync remote - deskop -mobile.md:24        
remote:             
remote:        (?) To push, remove secret from commit(s) or follow this URL to allow the secret.        
remote:        https://github.com/purushottam55/Slip-box-Notes/security/secret-scanning/unblock-secret/310nCM8LTnHWeSMYdPIrQLpF5yx        
remote:             
remote: 
remote: 
To https://github.com/purushottam55/Slip-box-Notes.git
 ! [remote rejected] main -> main (push declined due to repository rule violations)
error: failed to push some refs to 'https://github.com/purushottam55/Slip-box-Notes.git'
remote: error: GH013: Repository rule violations found for refs/heads/main.        
remote: 
remote: - GITHUB PUSH PROTECTION        
remote:   —————————————————————————————————————————        
remote:     Resolve the following violations before pushing again        
remote: 
remote:     - Push cannot contain secrets        
remote: 
remote:             
remote:      (?) Learn how to resolve a blocked push        
remote:      https://docs.github.com/code-security/secret-scanning/working-with-secret-scanning-and-push-protection/working-with-push-protection-from-the-command-line#resolving-a-blocked-push        
remote:             
remote:             
remote:       —— GitHub Personal Access Token ——————————————————————        
remote:        locations:        
remote:          - commit: 53bc7b8dd9c707e44b5564f3f8b7bf43bc154c1c        
remote:            path: Slip Box/configure autosync remote - deskop -mobile.md:15        
remote:          - commit: eca621682c42706248070b86435f08bbc7a536f6        
remote:            path: Slip Box/configure autosync remote - deskop -mobile.md:15        
remote:          - commit: f034354cbab868681e49a2681644932d9d98746d        
remote:            path: Slip Box/configure autosync remote - deskop -mobile.md:20        
remote:          - commit: a740abf651cd4954e4e3ea438ac3231e483f8393        
remote:            path: Slip Box/configure autosync remote - deskop -mobile.md:21        
remote:          - commit: ab0d5d94ae5a751e70db1bce8f4a46699038dcdd        
remote:            path: Slip Box/configure autosync remote - deskop -mobile.md:24        
remote:             
remote:        (?) To push, remove secret from commit(s) or follow this URL to allow the secret.        
remote:        https://github.com/purushottam55/Slip-box-Notes/security/secret-scanning/unblock-secret/310nCM8LTnHWeSMYdPIrQLpF5yx        
remote:             
remote: 
remote: 
To https://github.com/purushottam55/Slip-box-Notes.git
 ! [remote rejected] main -> main (push declined due to repository rule violations)
error: failed to push some refs to 'https://github.com/purushottam55/Slip-box-Notes.git'
remote: error: GH013: Repository rule violations found for refs/heads/main.        
remote: 
remote: - GITHUB PUSH PROTECTION        
remote:   —————————————————————————————————————————        
remote:     Resolve the following violations before pushing again        
remote: 
remote:     - Push cannot contain secrets        
remote: 
remote:             
remote:      (?) Learn how to resolve a blocked push        
remote:      https://docs.github.com/code-security/secret-scanning/working-with-secret-scanning-and-push-protection/working-with-push-protection-from-the-command-line#resolving-a-blocked-push        
remote:             
remote:             
remote:       —— GitHub Personal Access Token ——————————————————————        
remote:        locations:        
remote:          - commit: 53bc7b8dd9c707e44b5564f3f8b7bf43bc154c1c        
remote:            path: Slip Box/configure autosync remote - deskop -mobile.md:15        
remote:          - commit: eca621682c42706248070b86435f08bbc7a536f6        
remote:            path: Slip Box/configure autosync remote - deskop -mobile.md:15        
remote:          - commit: f034354cbab868681e49a2681644932d9d98746d        
remote:            path: Slip Box/configure autosync remote - deskop -mobile.md:20        
remote:          - commit: a740abf651cd4954e4e3ea438ac3231e483f8393        
remote:            path: Slip Box/configure autosync remote - deskop -mobile.md:21        
remote:          - commit: ab0d5d94ae5a751e70db1bce8f4a46699038dcdd        
remote:            path: Slip Box/configure autosync remote - deskop -mobile.md:24        
remote:             
remote:        (?) To push, remove secret from commit(s) or follow this URL to allow the secret.        
remote:        https://github.com/purushottam55/Slip-box-Notes/security/secret-scanning/unblock-secret/310nCM8LTnHWeSMYdPIrQLpF5yx        
remote:             
remote: 
remote: 
To https://github.com/purushottam55/Slip-box-Notes.git
 ! [remote rejected] main -> main (push declined due to repository rule violations)
error: failed to push some refs to 'https://github.com/purushottam55/Slip-box-Notes.git'
